[23:56:16] [main/INFO]: Setting user: Player178
[23:56:18] [Client thread/INFO]: LWJGL Version: 2.9.1
[23:56:18] [Client thread/ERROR]: Couldn't initialize twitch stream
[23:56:27] [Client thread/INFO]: Reloading ResourceManager: Default, FMLFileResourcePack:Forge Mod Loader, FMLFileResourcePack:Minecraft Forge, FMLFileResourcePack:MiniFlags
[23:56:29] [Sound Library Loader/INFO]: Sound engine started
[23:56:29] [Client thread/INFO]: Created: 16x16 textures/blocks-atlas
[23:56:29] [Client thread/INFO]: Created: 16x16 textures/items-atlas
[23:56:29] [Client thread/INFO]: Reloading ResourceManager: Default, FMLFileResourcePack:Forge Mod Loader, FMLFileResourcePack:Minecraft Forge, FMLFileResourcePack:MiniFlags
[23:56:30] [Client thread/INFO]: Created: 512x256 textures/blocks-atlas
[23:56:30] [Client thread/INFO]: Created: 256x256 textures/items-atlas
[23:56:31] [Sound Library Loader/INFO]: Sound engine started
[23:56:33] [Server thread/INFO]: Starting integrated minecraft server version 1.7.10
[23:56:33] [Server thread/INFO]: Generating keypair
[23:56:34] [Server thread/INFO]: Preparing start region for level 0
[23:56:35] [Server thread/INFO]: Preparing spawn area: 49%
[23:56:36] [Server thread/INFO]: Changing view distance to 12, from 10
[23:56:36] [Server thread/INFO]: Player178[local:E:53570cab] logged in with entity id 322 at (131.95043084558478, 72.0, 238.66015853952246)
[23:56:36] [Server thread/INFO]: Player178 joined the game
[23:56:39] [Server thread/WARN]: Can't keep up! Did the system time change, or is the server overloaded? Running 2703ms behind, skipping 54 tick(s)
[23:57:05] [Server thread/INFO]: Saving and pausing game...
[23:57:05] [Server thread/INFO]: Saving chunks for level 'test'/Overworld
[23:57:05] [Server thread/INFO]: Saving chunks for level 'test'/Nether
[23:57:05] [Server thread/INFO]: Saving chunks for level 'test'/The End
[23:57:06] [Server thread/INFO]: Stopping server
[23:57:06] [Server thread/INFO]: Saving players
[23:57:06] [Server thread/INFO]: Saving worlds
[23:57:06] [Server thread/INFO]: Saving chunks for level 'test'/Overworld
[23:57:06] [Server thread/INFO]: Saving chunks for level 'test'/Nether
[23:57:06] [Server thread/INFO]: Saving chunks for level 'test'/The End
[23:57:07] [Client thread/INFO]: Stopping!
